[debug] [2022-01-04T11:11:44.604Z] ----------------------------------------------------------------------
[debug] [2022-01-04T11:11:44.606Z] Command:       /home/magondu/.nvm/versions/node/v10.16.0/bin/node /home/magondu/.nvm/versions/node/v10.16.0/bin/firebase init
[debug] [2022-01-04T11:11:44.607Z] CLI Version:   9.16.6
[debug] [2022-01-04T11:11:44.607Z] Platform:      linux
[debug] [2022-01-04T11:11:44.607Z] Node Version:  v10.16.0
[debug] [2022-01-04T11:11:44.610Z] Time:          Tue Jan 04 2022 14:11:44 GMT+0300 (East Africa Time)
[debug] [2022-01-04T11:11:44.610Z] ----------------------------------------------------------------------
[debug] 
[debug] [2022-01-04T11:11:44.613Z] >>> [apiv2][query] GET https://firebase-public.firebaseio.com/cli.json [none]
[debug] [2022-01-04T11:11:44.688Z] > command requires scopes: ["email","openid","https://www.googleapis.com/auth/cloudplatformprojects.readonly","https://www.googleapis.com/auth/firebase","https://www.googleapis.com/auth/cloud-platform"]
[debug] [2022-01-04T11:11:44.688Z] > authorizing via signed-in user (eliudnjenga@gmail.com)
[info] 
     ######## #### ########  ######## ########     ###     ######  ########
     ##        ##  ##     ## ##       ##     ##  ##   ##  ##       ##
     ######    ##  ########  ######   ########  #########  ######  ######
     ##        ##  ##    ##  ##       ##     ## ##     ##       ## ##
     ##       #### ##     ## ######## ########  ##     ##  ######  ########

You're about to initialize a Firebase project in this directory:

  /home/magondu

Before we get started, keep in mind:

  * You are initializing within an existing Firebase project directory

[debug] [2022-01-04T11:11:45.561Z] <<< [apiv2][status] GET https://firebase-public.firebaseio.com/cli.json 200
[debug] [2022-01-04T11:11:45.564Z] <<< [apiv2][body] GET https://firebase-public.firebaseio.com/cli.json {"cloudBuildErrorAfter":1594252800000,"cloudBuildWarnAfter":1590019200000,"defaultNode10After":1594252800000,"minVersion":"3.0.5","node8DeploysDisabledAfter":1613390400000,"node8RuntimeDisabledAfter":1615809600000,"node8WarnAfter":1600128000000}
[info] 
=== Project Setup
[info] 
[info] First, let's associate this project directory with a Firebase project.
[info] You can create multiple project aliases by running firebase use --add, 
[info] but for now we'll just set up a default project.
[info] 
[info] i  .firebaserc already has a default project, using my-alx-website. 
[debug] [2022-01-04T11:11:53.890Z] > refreshing access token with scopes: []
[debug] [2022-01-04T11:11:53.891Z] >>> HTTP REQUEST POST https://www.googleapis.com/oauth2/v3/token  
 <request body omitted>
[debug] [2022-01-04T11:11:54.953Z] <<< HTTP RESPONSE 200 {"cache-control":"no-cache, no-store, max-age=0, must-revalidate","pragma":"no-cache","date":"Tue, 04 Jan 2022 11:11:54 GMT","expires":"Mon, 01 Jan 1990 00:00:00 GMT","content-type":"application/json; charset=utf-8","vary":"X-Origin, Referer, Origin,Accept-Encoding","server":"scaffolding on HTTPServer2","x-xss-protection":"0","x-frame-options":"SAMEORIGIN","x-content-type-options":"nosniff","alt-svc":"h3=\":443\"; ma=2592000,h3-29=\":443\"; ma=2592000,h3-Q050=\":443\"; ma=2592000,h3-Q046=\":443\"; ma=2592000,h3-Q043=\":443\"; ma=2592000,quic=\":443\"; ma=2592000; v=\"46,43\"","accept-ranges":"none","transfer-encoding":"chunked"}
[debug] [2022-01-04T11:11:54.967Z] >>> [apiv2][query] GET https://firebase.googleapis.com/v1beta1/projects/my-alx-website [none]
[debug] [2022-01-04T11:11:55.650Z] <<< [apiv2][status] GET https://firebase.googleapis.com/v1beta1/projects/my-alx-website 403
[debug] [2022-01-04T11:11:55.651Z] <<< [apiv2][body] GET https://firebase.googleapis.com/v1beta1/projects/my-alx-website {"error":{"code":403,"message":"The caller does not have permission","status":"PERMISSION_DENIED"}}
[debug] [2022-01-04T11:11:55.652Z] HTTP Error: 403, The caller does not have permission
[debug] [2022-01-04T11:11:56.002Z] FirebaseError: HTTP Error: 403, The caller does not have permission
    at module.exports (/home/magondu/.nvm/versions/node/v10.16.0/lib/node_modules/firebase-tools/lib/responseToError.js:38:12)
    at Client.doRequest (/home/magondu/.nvm/versions/node/v10.16.0/lib/node_modules/firebase-tools/lib/apiv2.js:238:23)
    at process._tickCallback (internal/process/next_tick.js:68:7)
[error] 
[error] Error: Failed to get Firebase project my-alx-website. Please make sure the project exists and your account has permission to access it.
